<?xml version="1.0" encoding="UTF-8"?>
<testng-results ignored="0" total="1" passed="1" failed="0" skipped="0">
  <reporter-output>
  </reporter-output>
  <suite started-at="2023-06-27T10:43:53 IST" name="Default suite" finished-at="2023-06-27T10:43:54 IST" duration-ms="793">
    <groups>
    </groups>
    <test started-at="2023-06-27T10:43:53 IST" name="Default test" finished-at="2023-06-27T10:43:54 IST" duration-ms="793">
      <class name="Exten_repo.Ext_rep">
        <test-method signature="test1()[pri:0, instance:Exten_repo.Ext_rep@3543df7d]" started-at="2023-06-27T10:43:53 IST" name="test1" finished-at="2023-06-27T10:43:54 IST" duration-ms="688" status="PASS">
          <reporter-output>
          </reporter-output>
        </test-method> <!-- test1 -->
      </class> <!-- Exten_repo.Ext_rep -->
    </test> <!-- Default test -->
  </suite> <!-- Default suite -->
</testng-results>
